#
# There is insufficient memory for the Java Runtime Environment to continue.
# Native memory allocation (malloc) failed to allocate 32784 bytes for Chunk::new
# Possible reasons:
#   The system is out of physical RAM or swap space
#   The process is running with CompressedOops enabled, and the Java Heap may be blocking the growth of the native heap
# Possible solutions:
#   Reduce memory load on the system
#   Increase physical memory or swap space
#   Check if swap backing store is full
#   Decrease Java heap size (-Xmx/-Xms)
#   Decrease number of Java threads
#   Decrease Java thread stack sizes (-Xss)
#   Set larger code cache with -XX:ReservedCodeCacheSize=
#   JVM is running with Unscaled Compressed Oops mode in which the Java heap is
#     placed in the first 4GB address space. The Java Heap base address is the
#     maximum limit for the native heap growth. Please use -XX:HeapBaseMinAddress
#     to set the Java Heap base and to place the Java Heap above 4GB virtual address.
# This output file may be truncated or incomplete.
#
#  Out of Memory Error (allocation.cpp:389), pid=7552, tid=0x0000000000007e88
#
# JRE version: Java(TM) SE Runtime Environment (8.0_351-b10) (build 1.8.0_351-b10)
# Java VM: Java HotSpot(TM) 64-Bit Server VM (25.351-b10 mixed mode windows-amd64 compressed oops)
# Failed to write core dump. Minidumps are not enabled by default on client versions of Windows
#

---------------  T H R E A D  ---------------

Current thread (0x0000018eb5997800):  JavaThread "C2 CompilerThread1" daemon [_thread_in_native, id=32392, stack(0x0000001225000000,0x0000001225100000)]

Stack: [0x0000001225000000,0x0000001225100000]
Native frames: (J=compiled Java code, j=interpreted, Vv=VM code, C=native code)
V  [jvm.dll+0x3300b9]
V  [jvm.dll+0x276632]
V  [jvm.dll+0x2772dd]
V  [jvm.dll+0x26dc85]
V  [jvm.dll+0xd584c]
V  [jvm.dll+0xd604c]
V  [jvm.dll+0xd5b9d]
V  [jvm.dll+0x4c7f1f]
V  [jvm.dll+0x48f933]
V  [jvm.dll+0x443c8e]
V  [jvm.dll+0x4413ab]
V  [jvm.dll+0x42c27b]
V  [jvm.dll+0xac69b]
V  [jvm.dll+0xaacfb]
V  [jvm.dll+0x23ec62]
V  [jvm.dll+0x29330c]
C  [ucrtbase.dll+0x29363]
C  [KERNEL32.DLL+0x1269d]
C  [ntdll.dll+0x5a9f8]


Current CompileTask:
C2:  65949 3305 %     4       com.sun.org.apache.xerces.internal.impl.io.UTF8Reader::read @ 150 (1443 bytes)


---------------  P R O C E S S  ---------------

Java Threads: ( => current thread )
  0x0000018eb71d6800 JavaThread "AsyncHttpClient-1-4" daemon [_thread_in_native, id=5972, stack(0x0000001226300000,0x0000001226400000)]
  0x0000018eb71d2800 JavaThread "AsyncHttpClient-1-3" daemon [_thread_in_native, id=27176, stack(0x0000001226200000,0x0000001226300000)]
  0x0000018eb71d2000 JavaThread "AsyncHttpClient-1-2" daemon [_thread_in_native, id=30880, stack(0x0000001225600000,0x0000001225700000)]
  0x0000018eb7678000 JavaThread "UrlChecker-2" daemon [_thread_blocked, id=23308, stack(0x0000001225e00000,0x0000001225f00000)]
  0x0000018eb7677000 JavaThread "Driver Service Executor" daemon [_thread_blocked, id=31388, stack(0x0000001225d00000,0x0000001225e00000)]
  0x0000018eb5973800 JavaThread "Driver Service Executor" daemon [_thread_blocked, id=23808, stack(0x0000001225c00000,0x0000001225d00000)]
  0x0000018eb5973000 JavaThread "Exec Stream Pumper" daemon [_thread_in_native, id=30648, stack(0x0000001225b00000,0x0000001225c00000)]
  0x0000018eb6c8b800 JavaThread "Exec Stream Pumper" daemon [_thread_in_native, id=30156, stack(0x0000001225a00000,0x0000001225b00000)]
  0x0000018eb989e000 JavaThread "Exec Default Executor" daemon [_thread_in_native, id=29340, stack(0x0000001225800000,0x0000001225900000)]
  0x0000018eb72b7800 JavaThread "AsyncHttpClient-1-1" daemon [_thread_blocked, id=23180, stack(0x0000001225700000,0x0000001225800000)]
  0x0000018eb7483800 JavaThread "TestNG-tests-1" [_thread_in_Java, id=3640, stack(0x0000001225900000,0x0000001225a00000)]
  0x0000018eb7577800 JavaThread "ReaderThread" [_thread_in_native, id=18116, stack(0x0000001225500000,0x0000001225600000)]
  0x0000018eb59bc800 JavaThread "Service Thread" daemon [_thread_blocked, id=29316, stack(0x0000001225200000,0x0000001225300000)]
  0x0000018eb599b000 JavaThread "C1 CompilerThread2" daemon [_thread_blocked, id=30224, stack(0x0000001225100000,0x0000001225200000)]
=>0x0000018eb5997800 JavaThread "C2 CompilerThread1" daemon [_thread_in_native, id=32392, stack(0x0000001225000000,0x0000001225100000)]
  0x0000018eb593f800 JavaThread "C2 CompilerThread0" daemon [_thread_in_native, id=5836, stack(0x0000001224f00000,0x0000001225000000)]
  0x0000018eb593f000 JavaThread "Attach Listener" daemon [_thread_blocked, id=22856, stack(0x0000001224e00000,0x0000001224f00000)]
  0x0000018eb5939000 JavaThread "Signal Dispatcher" daemon [_thread_blocked, id=15512, stack(0x0000001224d00000,0x0000001224e00000)]
  0x0000018eb5912800 JavaThread "Finalizer" daemon [_thread_blocked, id=32016, stack(0x0000001224c00000,0x0000001224d00000)]
  0x0000018eb5907800 JavaThread "Reference Handler" daemon [_thread_blocked, id=20608, stack(0x0000001224b00000,0x0000001224c00000)]
  0x0000018ea1ee4800 JavaThread "main" [_thread_blocked, id=31548, stack(0x0000001224500000,0x0000001224600000)]

Other Threads:
  0x0000018eb58e0000 VMThread [stack: 0x0000001224a00000,0x0000001224b00000] [id=27440]
  0x0000018eb5a2a000 WatcherThread [stack: 0x0000001225300000,0x0000001225400000] [id=19276]

VM state:not at safepoint (normal execution)

VM Mutex/Monitor currently owned by a thread: None

heap address: 0x00000000c2e00000, size: 978 MB, Compressed Oops mode: 32-bit
Narrow klass base: 0x0000000000000000, Narrow klass shift: 3
Compressed class space size: 1073741824 Address: 0x0000000100000000

Heap:
 PSYoungGen      total 48128K, used 26252K [0x00000000eba00000, 0x00000000f0300000, 0x0000000100000000)
  eden space 39424K, 61% used [0x00000000eba00000,0x00000000ed1838b0,0x00000000ee080000)
  from space 8704K, 24% used [0x00000000ee080000,0x00000000ee29fa60,0x00000000ee900000)
  to   space 8704K, 0% used [0x00000000efa80000,0x00000000efa80000,0x00000000f0300000)
 ParOldGen       total 49664K, used 18019K [0x00000000c2e00000, 0x00000000c5e80000, 0x00000000eba00000)
  object space 49664K, 36% used [0x00000000c2e00000,0x00000000c3f98e28,0x00000000c5e80000)
 Metaspace       used 40206K, capacity 41758K, committed 41984K, reserved 1085440K
  class space    used 5219K, capacity 5583K, committed 5632K, reserved 1048576K

Card table byte_map: [0x0000018eb2b70000,0x0000018eb2d60000] byte_map_base: 0x0000018eb2559000

Marking Bits: (ParMarkBitMap*) 0x00000000592a8fd0
 Begin Bits: [0x0000018eb2eb0000, 0x0000018eb3df8000)
 End Bits:   [0x0000018eb3df8000, 0x0000018eb4d40000)

Polling page: 0x0000018ea1fb0000

CodeCache: size=245760Kb used=9876Kb max_used=9876Kb free=235883Kb
 bounds [0x0000018ea37b0000, 0x0000018ea4160000, 0x0000018eb27b0000]
 total_blobs=3582 nmethods=2995 adapters=498
 compilation: enabled

Compilation events (10 events):
Event: 65.873 Thread 0x0000018eb599b000 3316       3       org.apache.xmlbeans.impl.values.XmlObjectBase::getXmlLocale (10 bytes)
Event: 65.873 Thread 0x0000018eb599b000 nmethod 3316 0x0000018ea4148d90 code [0x0000018ea4148f20, 0x0000018ea4149430]
Event: 65.873 Thread 0x0000018eb599b000 3317   !   3       org.apache.xmlbeans.impl.store.Xobj::new_cursor (48 bytes)
Event: 65.874 Thread 0x0000018eb599b000 nmethod 3317 0x0000018ea414c410 code [0x0000018ea414c620, 0x0000018ea414d1e0]
Event: 65.874 Thread 0x0000018eb599b000 3318       3       org.apache.xmlbeans.impl.store.Cursor::<init> (13 bytes)
Event: 65.874 Thread 0x0000018eb599b000 nmethod 3318 0x0000018ea4148610 code [0x0000018ea41487a0, 0x0000018ea4148b80]
Event: 65.874 Thread 0x0000018eb599b000 3319       3       org.apache.xmlbeans.impl.store.Cursor::<init> (31 bytes)
Event: 65.875 Thread 0x0000018eb599b000 nmethod 3319 0x0000018ea414d890 code [0x0000018ea414da20, 0x0000018ea414dda0]
Event: 65.875 Thread 0x0000018eb599b000 3320       3       org.apache.xmlbeans.impl.store.Cursor::xmlText (15 bytes)
Event: 65.875 Thread 0x0000018eb599b000 nmethod 3320 0x0000018ea414df10 code [0x0000018ea414e0c0, 0x0000018ea414e750]

GC Heap History (10 events):
Event: 30.410 GC heap before
{Heap before GC invocations=11 (full 1):
 PSYoungGen      total 34304K, used 31052K [0x00000000eba00000, 0x00000000eee00000, 0x0000000100000000)
  eden space 27648K, 100% used [0x00000000eba00000,0x00000000ed500000,0x00000000ed500000)
  from space 6656K, 51% used [0x00000000ed500000,0x00000000ed853108,0x00000000edb80000)
  to   space 6144K, 0% used [0x00000000ee800000,0x00000000ee800000,0x00000000eee00000)
 ParOldGen       total 31232K, used 8749K [0x00000000c2e00000, 0x00000000c4c80000, 0x00000000eba00000)
  object space 31232K, 28% used [0x00000000c2e00000,0x00000000c368b600,0x00000000c4c80000)
 Metaspace       used 30454K, capacity 31614K, committed 31872K, reserved 1077248K
  class space    used 3950K, capacity 4195K, committed 4224K, reserved 1048576K
Event: 30.424 GC heap after
Heap after GC invocations=11 (full 1):
 PSYoungGen      total 46592K, used 5160K [0x00000000eba00000, 0x00000000eee80000, 0x0000000100000000)
  eden space 40448K, 0% used [0x00000000eba00000,0x00000000eba00000,0x00000000ee180000)
  from space 6144K, 83% used [0x00000000ee800000,0x00000000eed0a2c0,0x00000000eee00000)
  to   space 6656K, 0% used [0x00000000ee180000,0x00000000ee180000,0x00000000ee800000)
 ParOldGen       total 31232K, used 9255K [0x00000000c2e00000, 0x00000000c4c80000, 0x00000000eba00000)
  object space 31232K, 29% used [0x00000000c2e00000,0x00000000c3709c38,0x00000000c4c80000)
 Metaspace       used 30454K, capacity 31614K, committed 31872K, reserved 1077248K
  class space    used 3950K, capacity 4195K, committed 4224K, reserved 1048576K
}
Event: 62.836 GC heap before
{Heap before GC invocations=12 (full 1):
 PSYoungGen      total 46592K, used 37889K [0x00000000eba00000, 0x00000000eee80000, 0x0000000100000000)
  eden space 40448K, 80% used [0x00000000eba00000,0x00000000ed9f62e0,0x00000000ee180000)
  from space 6144K, 83% used [0x00000000ee800000,0x00000000eed0a2c0,0x00000000eee00000)
  to   space 6656K, 0% used [0x00000000ee180000,0x00000000ee180000,0x00000000ee800000)
 ParOldGen       total 31232K, used 9255K [0x00000000c2e00000, 0x00000000c4c80000, 0x00000000eba00000)
  object space 31232K, 29% used [0x00000000c2e00000,0x00000000c3709c38,0x00000000c4c80000)
 Metaspace       used 34102K, capacity 35392K, committed 35456K, reserved 1079296K
  class space    used 4452K, capacity 4720K, committed 4736K, reserved 1048576K
Event: 62.978 GC heap after
Heap after GC invocations=12 (full 1):
 PSYoungGen      total 46080K, used 6646K [0x00000000eba00000, 0x00000000ef180000, 0x0000000100000000)
  eden space 39424K, 0% used [0x00000000eba00000,0x00000000eba00000,0x00000000ee080000)
  from space 6656K, 99% used [0x00000000ee180000,0x00000000ee7fd830,0x00000000ee800000)
  to   space 8704K, 0% used [0x00000000ee900000,0x00000000ee900000,0x00000000ef180000)
 ParOldGen       total 31232K, used 12954K [0x00000000c2e00000, 0x00000000c4c80000, 0x00000000eba00000)
  object space 31232K, 41% used [0x00000000c2e00000,0x00000000c3aa6ae8,0x00000000c4c80000)
 Metaspace       used 34102K, capacity 35392K, committed 35456K, reserved 1079296K
  class space    used 4452K, capacity 4720K, committed 4736K, reserved 1048576K
}
Event: 62.978 GC heap before
{Heap before GC invocations=13 (full 2):
 PSYoungGen      total 46080K, used 6646K [0x00000000eba00000, 0x00000000ef180000, 0x0000000100000000)
  eden space 39424K, 0% used [0x00000000eba00000,0x00000000eba00000,0x00000000ee080000)
  from space 6656K, 99% used [0x00000000ee180000,0x00000000ee7fd830,0x00000000ee800000)
  to   space 8704K, 0% used [0x00000000ee900000,0x00000000ee900000,0x00000000ef180000)
 ParOldGen       total 31232K, used 12954K [0x00000000c2e00000, 0x00000000c4c80000, 0x00000000eba00000)
  object space 31232K, 41% used [0x00000000c2e00000,0x00000000c3aa6ae8,0x00000000c4c80000)
 Metaspace       used 34102K, capacity 35392K, committed 35456K, reserved 1079296K
  class space    used 4452K, capacity 4720K, committed 4736K, reserved 1048576K
Event: 63.332 GC heap after
Heap after GC invocations=13 (full 2):
 PSYoungGen      total 46080K, used 0K [0x00000000eba00000, 0x00000000ef180000, 0x0000000100000000)
  eden space 39424K, 0% used [0x00000000eba00000,0x00000000eba00000,0x00000000ee080000)
  from space 6656K, 0% used [0x00000000ee180000,0x00000000ee180000,0x00000000ee800000)
  to   space 8704K, 0% used [0x00000000ee900000,0x00000000ee900000,0x00000000ef180000)
 ParOldGen       total 49664K, used 17108K [0x00000000c2e00000, 0x00000000c5e80000, 0x00000000eba00000)
  object space 49664K, 34% used [0x00000000c2e00000,0x00000000c3eb52b0,0x00000000c5e80000)
 Metaspace       used 34089K, capacity 35350K, committed 35456K, reserved 1079296K
  class space    used 4448K, capacity 4713K, committed 4736K, reserved 1048576K
}
Event: 64.654 GC heap before
{Heap before GC invocations=14 (full 2):
 PSYoungGen      total 46080K, used 39424K [0x00000000eba00000, 0x00000000ef180000, 0x0000000100000000)
  eden space 39424K, 100% used [0x00000000eba00000,0x00000000ee080000,0x00000000ee080000)
  from space 6656K, 0% used [0x00000000ee180000,0x00000000ee180000,0x00000000ee800000)
  to   space 8704K, 0% used [0x00000000ee900000,0x00000000ee900000,0x00000000ef180000)
 ParOldGen       total 49664K, used 17108K [0x00000000c2e00000, 0x00000000c5e80000, 0x00000000eba00000)
  object space 49664K, 34% used [0x00000000c2e00000,0x00000000c3eb52b0,0x00000000c5e80000)
 Metaspace       used 37633K, capacity 39120K, committed 39296K, reserved 1083392K
  class space    used 4911K, capacity 5246K, committed 5248K, reserved 1048576K
Event: 64.688 GC heap after
Heap after GC invocations=14 (full 2):
 PSYoungGen      total 48128K, used 3495K [0x00000000eba00000, 0x00000000f0080000, 0x0000000100000000)
  eden space 39424K, 0% used [0x00000000eba00000,0x00000000eba00000,0x00000000ee080000)
  from space 8704K, 40% used [0x00000000ee900000,0x00000000eec69d18,0x00000000ef180000)
  to   space 8704K, 0% used [0x00000000ee080000,0x00000000ee080000,0x00000000ee900000)
 ParOldGen       total 49664K, used 17116K [0x00000000c2e00000, 0x00000000c5e80000, 0x00000000eba00000)
  object space 49664K, 34% used [0x00000000c2e00000,0x00000000c3eb72b0,0x00000000c5e80000)
 Metaspace       used 37633K, capacity 39120K, committed 39296K, reserved 1083392K
  class space    used 4911K, capacity 5246K, committed 5248K, reserved 1048576K
}
Event: 64.975 GC heap before
{Heap before GC invocations=15 (full 2):
 PSYoungGen      total 48128K, used 42919K [0x00000000eba00000, 0x00000000f0080000, 0x0000000100000000)
  eden space 39424K, 100% used [0x00000000eba00000,0x00000000ee080000,0x00000000ee080000)
  from space 8704K, 40% used [0x00000000ee900000,0x00000000eec69d18,0x00000000ef180000)
  to   space 8704K, 0% used [0x00000000ee080000,0x00000000ee080000,0x00000000ee900000)
 ParOldGen       total 49664K, used 17116K [0x00000000c2e00000, 0x00000000c5e80000, 0x00000000eba00000)
  object space 49664K, 34% used [0x00000000c2e00000,0x00000000c3eb72b0,0x00000000c5e80000)
 Metaspace       used 38504K, capacity 40018K, committed 40320K, reserved 1083392K
  class space    used 5033K, capacity 5415K, committed 5504K, reserved 1048576K
Event: 64.986 GC heap after
Heap after GC invocations=15 (full 2):
 PSYoungGen      total 48128K, used 2174K [0x00000000eba00000, 0x00000000f0300000, 0x0000000100000000)
  eden space 39424K, 0% used [0x00000000eba00000,0x00000000eba00000,0x00000000ee080000)
  from space 8704K, 24% used [0x00000000ee080000,0x00000000ee29fa60,0x00000000ee900000)
  to   space 8704K, 0% used [0x00000000efa80000,0x00000000efa80000,0x00000000f0300000)
 ParOldGen       total 49664K, used 18019K [0x00000000c2e00000, 0x00000000c5e80000, 0x00000000eba00000)
  object space 49664K, 36% used [0x00000000c2e00000,0x00000000c3f98e28,0x00000000c5e80000)
 Metaspace       used 38504K, capacity 40018K, committed 40320K, reserved 1083392K
  class space    used 5033K, capacity 5415K, committed 5504K, reserved 1048576K
}

Deoptimization events (10 events):
Event: 65.729 Thread 0x0000018eb7483800 Uncommon trap: reason=unstable_if action=reinterpret pc=0x0000018ea4021500 method=org.apache.xmlbeans.impl.store.Cur.isNormal()Z @ 60
Event: 65.729 Thread 0x0000018eb7483800 Uncommon trap: reason=unstable_if action=reinterpret pc=0x0000018ea4020550 method=org.apache.xmlbeans.impl.store.Cur.moveTo(Lorg/apache/xmlbeans/impl/store/Xobj;I)V @ 111
Event: 65.729 Thread 0x0000018eb7483800 Uncommon trap: reason=unstable_if action=reinterpret pc=0x0000018ea400463c method=org.apache.xmlbeans.impl.store.Cur.moveToNoCheck(Lorg/apache/xmlbeans/impl/store/Xobj;I)V @ 5
Event: 65.729 Thread 0x0000018eb7483800 Uncommon trap: reason=unstable_if action=reinterpret pc=0x0000018ea4080554 method=org.apache.xmlbeans.impl.store.Cur.isNormal()Z @ 60
Event: 65.749 Thread 0x0000018eb7483800 Uncommon trap: reason=unstable_if action=reinterpret pc=0x0000018ea3fd40f4 method=com.sun.org.apache.xerces.internal.impl.XMLEntityScanner.checkBeforeLoad(Lcom/sun/xml/internal/stream/Entity$ScannedEntity;II)I @ 18
Event: 65.766 Thread 0x0000018eb7483800 Uncommon trap: reason=unstable_if action=reinterpret pc=0x0000018ea4007560 method=org.apache.xmlbeans.impl.store.Cur.isNormal()Z @ 60
Event: 65.820 Thread 0x0000018eb7483800 Uncommon trap: reason=class_check action=maybe_recompile pc=0x0000018ea3f5457c method=java.io.FilterInputStream.read()I @ 4
Event: 65.820 Thread 0x0000018eb7483800 Uncommon trap: reason=class_check action=maybe_recompile pc=0x0000018ea3f5457c method=java.io.FilterInputStream.read()I @ 4
Event: 65.821 Thread 0x0000018eb7483800 Uncommon trap: reason=class_check action=maybe_recompile pc=0x0000018ea3f5457c method=java.io.FilterInputStream.read()I @ 4
Event: 65.821 Thread 0x0000018eb7483800 Uncommon trap: reason=class_check action=maybe_recompile pc=0x0000018ea3f5457c method=java.io.FilterInputStream.read()I @ 4

Classes redefined (0 events):
No events

Internal exceptions (10 events):
Event: 27.129 Thread 0x0000018eb7483800 Exception <a 'java/lang/IncompatibleClassChangeError': Found class java.lang.Object, but interface was expected> (0x00000000ec6bf688) thrown at [C:\jenkins\workspace\8-2-build-windows-x64-cygwin\jdk8u351\2908\hotspot\src\share\vm\interpreter\linkResolver.
Event: 27.132 Thread 0x0000018eb7483800 Exception <a 'java/lang/NoSuchMethodError': java.lang.Object.lambda$or$2(Ljava/util/function/Predicate;Ljava/lang/Object;)Z> (0x00000000ec6c9538) thrown at [C:\jenkins\workspace\8-2-build-windows-x64-cygwin\jdk8u351\2908\hotspot\src\share\vm\interpreter\l
Event: 29.628 Thread 0x0000018eb7678000 Exception <a 'java/net/SocketTimeoutException': connect timed out> (0x00000000ec9af210) thrown at [C:\jenkins\workspace\8-2-build-windows-x64-cygwin\jdk8u351\2908\hotspot\src\share\vm\prims\jni.cpp, line 737]
Event: 29.681 Thread 0x0000018eb7483800 Exception <a 'java/lang/NoSuchMethodError': java.lang.Object.lambda$andThen$1(Ljava/util/function/Function;Ljava/lang/Object;)Ljava/lang/Object;> (0x00000000eca1b800) thrown at [C:\jenkins\workspace\8-2-build-windows-x64-cygwin\jdk8u351\2908\hotspot\src\s
Event: 29.840 Thread 0x0000018eb7483800 Exception <a 'java/lang/NoSuchMethodError': java.lang.Object.lambda$chars$0()Ljava/util/Spliterator$OfInt;> (0x00000000ecc384f8) thrown at [C:\jenkins\workspace\8-2-build-windows-x64-cygwin\jdk8u351\2908\hotspot\src\share\vm\interpreter\linkResolver.cpp, 
Event: 30.086 Thread 0x0000018eb7483800 Exception <a 'java/lang/NoSuchMethodError': java.lang.Object.lambda$negate$1(Ljava/lang/Object;)Z> (0x00000000ecf5d0d8) thrown at [C:\jenkins\workspace\8-2-build-windows-x64-cygwin\jdk8u351\2908\hotspot\src\share\vm\interpreter\linkResolver.cpp, line 620]
Event: 43.577 Thread 0x0000018eb7483800 Exception <a 'java/lang/NoSuchMethodError': java.lang.Object.lambda$getResponseFunction$0(Lorg/openqa/selenium/remote/InitialHandshakeResponse;)Lorg/openqa/selenium/remote/ProtocolHandshake$Result;> (0x00000000eccf15e0) thrown at [C:\jenkins\workspace\8-2
Event: 54.970 Thread 0x0000018eb7483800 Exception <a 'java/lang/NoSuchMethodError': java.lang.Object.FIND_ELEMENT(Ljava/lang/String;Ljava/lang/Object;)Lorg/openqa/selenium/remote/CommandPayload;> (0x00000000ed599a28) thrown at [C:\jenkins\workspace\8-2-build-windows-x64-cygwin\jdk8u351\2908\hot
Event: 55.464 Thread 0x0000018eb7483800 Exception <a 'java/lang/NoSuchMethodError': java.lang.Object.lambda$codePoints$1()Ljava/util/Spliterator$OfInt;> (0x00000000ed603580) thrown at [C:\jenkins\workspace\8-2-build-windows-x64-cygwin\jdk8u351\2908\hotspot\src\share\vm\interpreter\linkResolver.
Event: 64.379 Thread 0x0000018eb7483800 Implicit null exception at 0x0000018ea3d8d5fb to 0x0000018ea3d8dab1

Events (10 events):
Event: 65.834 Thread 0x0000018eb593f800 flushing nmethod 0x0000018ea3982850
Event: 65.835 Thread 0x0000018eb593f800 flushing nmethod 0x0000018ea3a0f150
Event: 65.835 Thread 0x0000018eb593f800 flushing nmethod 0x0000018ea3a69550
Event: 65.835 Thread 0x0000018eb593f800 flushing nmethod 0x0000018ea3a6ac10
Event: 65.836 loading class org/apache/xerces/util/SecurityManager
Event: 65.836 loading class org/apache/xerces/util/SecurityManager done
Event: 65.843 loading class org/apache/xerces/util/SecurityManager
Event: 65.843 loading class org/apache/xerces/util/SecurityManager done
Event: 65.857 loading class org/apache/xerces/util/SecurityManager
Event: 65.857 loading class org/apache/xerces/util/SecurityManager done


Dynamic libraries:
0x00007ff6c78c0000 - 0x00007ff6c7907000 	C:\Program Files\Java\jdk1.8.0_351\bin\javaw.exe
0x00007ff99aa70000 - 0x00007ff99ac84000 	C:\WINDOWS\SYSTEM32\ntdll.dll
0x00007ff999840000 - 0x00007ff999902000 	C:\WINDOWS\System32\KERNEL32.DLL
0x00007ff998090000 - 0x00007ff99842c000 	C:\WINDOWS\System32\KERNELBASE.dll
0x00007ff99a750000 - 0x00007ff99a7fe000 	C:\WINDOWS\System32\ADVAPI32.dll
0x00007ff99a880000 - 0x00007ff99a927000 	C:\WINDOWS\System32\msvcrt.dll
0x00007ff99a690000 - 0x00007ff99a734000 	C:\WINDOWS\System32\sechost.dll
0x00007ff999720000 - 0x00007ff999837000 	C:\WINDOWS\System32\RPCRT4.dll
0x00007ff999060000 - 0x00007ff99920b000 	C:\WINDOWS\System32\USER32.dll
0x00007ff998550000 - 0x00007ff998576000 	C:\WINDOWS\System32\win32u.dll
0x00007ff9996f0000 - 0x00007ff999719000 	C:\WINDOWS\System32\GDI32.dll
0x00007ff997eb0000 - 0x00007ff997fc3000 	C:\WINDOWS\System32\gdi32full.dll
0x00007ff998600000 - 0x00007ff99869a000 	C:\WINDOWS\System32\msvcp_win.dll
0x00007ff998430000 - 0x00007ff998541000 	C:\WINDOWS\System32\ucrtbase.dll
0x00007ff980730000 - 0x00007ff9809be000 	C:\WINDOWS\WinSxS\amd64_microsoft.windows.common-controls_6595b64144ccf1df_6.0.22621.608_none_a9444ca7c10bb01d\COMCTL32.dll
0x00007ff998a40000 - 0x00007ff998a71000 	C:\WINDOWS\System32\IMM32.DLL
0x00007ff983d50000 - 0x00007ff983d65000 	C:\Program Files\Java\jdk1.8.0_351\jre\bin\vcruntime140.dll
0x00007ff965970000 - 0x00007ff965a0b000 	C:\Program Files\Java\jdk1.8.0_351\jre\bin\msvcp140.dll
0x0000000058ac0000 - 0x0000000059321000 	C:\Program Files\Java\jdk1.8.0_351\jre\bin\server\jvm.dll
0x00007ff999460000 - 0x00007ff999468000 	C:\WINDOWS\System32\PSAPI.DLL
0x00007ff996bb0000 - 0x00007ff996bba000 	C:\WINDOWS\SYSTEM32\VERSION.dll
0x00007ff98c190000 - 0x00007ff98c1c4000 	C:\WINDOWS\SYSTEM32\WINMM.dll
0x00007ff975790000 - 0x00007ff975799000 	C:\WINDOWS\SYSTEM32\WSOCK32.dll
0x00007ff99a800000 - 0x00007ff99a871000 	C:\WINDOWS\System32\WS2_32.dll
0x00007ff996fb0000 - 0x00007ff996fc8000 	C:\WINDOWS\SYSTEM32\kernel.appcore.dll
0x00007ff983c20000 - 0x00007ff983c30000 	C:\Program Files\Java\jdk1.8.0_351\jre\bin\verify.dll
0x00007ff975050000 - 0x00007ff97507b000 	C:\Program Files\Java\jdk1.8.0_351\jre\bin\java.dll
0x00007ff9836a0000 - 0x00007ff9836b8000 	C:\Program Files\Java\jdk1.8.0_351\jre\bin\zip.dll
0x00007ff999910000 - 0x00007ff99a100000 	C:\WINDOWS\System32\SHELL32.dll
0x00007ff996260000 - 0x00007ff996b2d000 	C:\WINDOWS\SYSTEM32\windows.storage.dll
0x00007ff998a80000 - 0x00007ff998e09000 	C:\WINDOWS\System32\combase.dll
0x00007ff996120000 - 0x00007ff99625e000 	C:\WINDOWS\SYSTEM32\wintypes.dll
0x00007ff9994d0000 - 0x00007ff9995c1000 	C:\WINDOWS\System32\SHCORE.dll
0x00007ff999470000 - 0x00007ff9994ce000 	C:\WINDOWS\System32\shlwapi.dll
0x00007ff997de0000 - 0x00007ff997e01000 	C:\WINDOWS\SYSTEM32\profapi.dll
0x00007ff9818d0000 - 0x00007ff9818ec000 	C:\Program Files\Java\jdk1.8.0_351\jre\bin\net.dll
0x00007ff997410000 - 0x00007ff997479000 	C:\WINDOWS\system32\mswsock.dll
0x00007ff995e50000 - 0x00007ff995f43000 	C:\WINDOWS\SYSTEM32\DNSAPI.dll
0x00007ff995de0000 - 0x00007ff995e0d000 	C:\WINDOWS\SYSTEM32\IPHLPAPI.DLL
0x00007ff998e30000 - 0x00007ff998e39000 	C:\WINDOWS\System32\NSI.dll
0x00007ff981c00000 - 0x00007ff981c0a000 	C:\Windows\System32\rasadhlp.dll
0x00007ff9861a0000 - 0x00007ff986223000 	C:\WINDOWS\System32\fwpuclnt.dll
0x00007ff997640000 - 0x00007ff99765b000 	C:\WINDOWS\SYSTEM32\CRYPTSP.dll
0x00007ff996f20000 - 0x00007ff996f55000 	C:\WINDOWS\system32\rsaenh.dll
0x00007ff9974c0000 - 0x00007ff9974e8000 	C:\WINDOWS\SYSTEM32\USERENV.dll
0x00007ff997880000 - 0x00007ff9978a8000 	C:\WINDOWS\SYSTEM32\bcrypt.dll
0x00007ff998580000 - 0x00007ff9985fb000 	C:\WINDOWS\System32\bcryptprimitives.dll
0x00007ff997660000 - 0x00007ff99766c000 	C:\WINDOWS\SYSTEM32\CRYPTBASE.dll
0x00007ff98b1f0000 - 0x00007ff98b209000 	C:\WINDOWS\SYSTEM32\dhcpcsvc6.DLL
0x00007ff98b030000 - 0x00007ff98b04f000 	C:\WINDOWS\SYSTEM32\dhcpcsvc.DLL
0x00007ff978640000 - 0x00007ff978653000 	C:\Program Files\Java\jdk1.8.0_351\jre\bin\nio.dll
0x00007ff972c10000 - 0x00007ff972c34000 	C:\Program Files\Java\jdk1.8.0_351\jre\bin\sunec.dll
0x00007ff983240000 - 0x00007ff98324d000 	C:\Program Files\Java\jdk1.8.0_351\jre\bin\sunmscapi.dll
0x00007ff9986a0000 - 0x00007ff998806000 	C:\WINDOWS\System32\CRYPT32.dll
0x00007ff997850000 - 0x00007ff99787e000 	C:\WINDOWS\SYSTEM32\ncrypt.dll
0x00007ff997810000 - 0x00007ff997847000 	C:\WINDOWS\SYSTEM32\NTASN1.dll
0x00007ff9758d0000 - 0x00007ff9758dd000 	C:\Program Files\Java\jdk1.8.0_351\jre\bin\management.dll
0x00007ff96f410000 - 0x00007ff96f427000 	C:\WINDOWS\system32\napinsp.dll
0x00007ff96f3f0000 - 0x00007ff96f40b000 	C:\WINDOWS\system32\pnrpnsp.dll
0x00007ff96e7a0000 - 0x00007ff96e7b1000 	C:\WINDOWS\System32\winrnr.dll
0x00007ff98ab90000 - 0x00007ff98aba5000 	C:\WINDOWS\system32\wshbth.dll
0x00007ff96e770000 - 0x00007ff96e791000 	C:\WINDOWS\system32\nlansp_c.dll
0x00007ff995650000 - 0x00007ff99587e000 	C:\WINDOWS\SYSTEM32\dbghelp.dll
0x00007ff9992c0000 - 0x00007ff999397000 	C:\WINDOWS\System32\OLEAUT32.dll

VM Arguments:
jvm_args: -ea -Dfile.encoding=UTF-8 
java_command: org.testng.remote.RemoteTestNG -serport 56854 -protocol json -d C:\Users\Reka\eclipse-workspace\webscrapping\test-output C:\Users\Reka\eclipse-workspace\webscrapping\testng.xml
java_class_path (initial): C:\Users\Reka\eclipse\java-2022-06\eclipse\configuration\org.eclipse.osgi\442\0\.cp\lib\testng-remote.jar;C:\Users\Reka\eclipse-workspace\webscrapping\target\test-classes;C:\Users\Reka\eclipse-workspace\webscrapping\target\classes;C:\Users\Reka\.p2\pool\plugins\org.testng_7.4.0.r202105021533.jar;C:\Users\Reka\.p2\pool\plugins\com.beust.jcommander_1.78.0.jar;C:\Users\Reka\.p2\pool\plugins\org.apache-extras.beanshell.bsh_2.0.0.b6.jar;C:\Users\Reka\.p2\pool\plugins\org.yaml.snakeyaml_1.27.0.v20221112-0806.jar;C:\Users\Reka\.p2\pool\plugins\org.webjars.jquery_3.5.1.jar;C:\Users\Reka\.m2\repository\org\seleniumhq\selenium\selenium-java\4.8.1\selenium-java-4.8.1.jar;C:\Users\Reka\.m2\repository\org\seleniumhq\selenium\selenium-api\4.8.1\selenium-api-4.8.1.jar;C:\Users\Reka\.m2\repository\org\seleniumhq\selenium\selenium-chrome-driver\4.8.1\selenium-chrome-driver-4.8.1.jar;C:\Users\Reka\.m2\repository\com\google\auto\service\auto-service-annotations\1.0.1\auto-service-annotations-1.0.1.jar;C:\Users\Reka\.m2\repository\com\google\auto\service\auto-service\1.0.1\auto-service-1.0.1.jar;C:\Users\Reka\.m2\repository\com\google\auto\auto-common\1.2\auto-common-1.2.jar;C:\Users\Reka\.m2\repository\com\google\guava\guava\31.1-jre\guava-31.1-jre.jar;C:\Users\Reka\.m2\repository\com\google\guava\failureaccess\1.0.1\failureaccess-1.0.1.jar;C:\Users\Reka\.m2\repository\com\google\guava\listenablefuture\9999.0-empty-to-avoid-conflict-with-guava\listenablefuture-9999.0-empty-to-avoid-conflict-with-guava.jar;C:\Users\Reka\.m2\repository\com\google\code\findbugs\jsr305\3.0.2\jsr305-3.0.2.jar;C:\Users\Reka\.m2\repository\org\checkerframework\checker-qual\3.12.0\checker-qual-3.12.0.jar;C:\Users\Reka\.m2\repository\com\google\errorprone\error_prone_annotations\2.11.0\error_prone_annotations-2.11.0.jar;C:\Users\Reka\.m2\repository\com\google\j2objc\j2objc-annotations\1.3\j2objc-annotations-1.3.jar;C:\Users\Reka\.m2\repository\org\seleniumhq\selenium\selenium-chrom
Launcher Type: SUN_STANDARD

Environment Variables:
JAVA_HOME=C:\Program Files\Java\jdk1.8.0_351
PATH=C:/Users/Reka/.p2/pool/plugins/org.eclipse.justj.openjdk.hotspot.jre.full.win32.x86_64_19.0.1.v20221102-1007/jre/bin/server;C:/Users/Reka/.p2/pool/plugins/org.eclipse.justj.openjdk.hotspot.jre.full.win32.x86_64_19.0.1.v20221102-1007/jre/bin;C:\Program Files (x86)\Common Files\Oracle\Java\javapath;C:\WINDOWS\system32;C:\WINDOWS;C:\WINDOWS\System32\Wbem;C:\WINDOWS\System32\WindowsPowerShell\v1.0\;C:\WINDOWS\System32\OpenSSH\;C:\Users\Reka\PycharmProjects;C:\Users\Reka\Desktop\New;C:\Users\Reka\Postman\;C:\Program Files\Java\jdk1.8.0_351\bin;C:\Program Files\apache-maven-3.8.6\\bin;C:\Program Files\Java\jdk1.8.0_351\bin;C:\Program Files\Java\jdk1.8.0_351\lib;C:\Program Files\apache-maven-3.8.6\bin;C:\Program Files (x86)\Jenkins\;C:\Program Files\Git\bin\;C:\Users\Reka\allure-2.19.0\bin;C:\Users\Reka\AppData\Local\Programs\Python\Python310\Scripts\;C:\Users\Reka\gradle-6.9.3;C:\Users\Reka\Drivers\chromedriver.exe;C:\Users\Reka\Drivers\;C:\Users\Reka\Drivers\allure-2.20.1\bin;C:\Users\Reka\AppData\Local\Programs\Python\Python310;C:\Program Files\MySQL\MySQL Shell 8.0\bin\;C:\Users\Reka\AppData\Local\Programs\Python\Python310\Scripts\;C:\Users\Reka\AppData\Local\Programs\Python\Python310\;C:\Users\Reka\AppData\Local\Microsoft\WindowsApps;C:\Users\Reka\PyCharm Community Edition 2021.3.3\bin;;C:\Users\Reka\PycharmProjects\PyCharm 2021.3.3\bin;;C:\Users\Reka\AppData\Roaming\npm;;C:\Program Files\JetBrains\IntelliJ IDEA 2022.3.1\bin;;C:\Program Files\JetBrains\IntelliJ IDEA Community Edition 2022.3.3\bin;;C:\Users\Reka\Desktop\New;
USERNAME=Reka
OS=Windows_NT
PROCESSOR_IDENTIFIER=Intel64 Family 6 Model 142 Stepping 12, GenuineIntel



---------------  S Y S T E M  ---------------

OS: Windows 11 , 64 bit Build 22621 (10.0.22621.1485)

CPU:total 4 (initial active 4) (2 cores per cpu, 2 threads per core) family 6 model 142 stepping 12, cmov, cx8, fxsr, mmx, sse, sse2, sse3, ssse3, sse4.1, sse4.2, popcnt, aes, clmul, erms, 3dnowpref, lzcnt, ht, tsc, tscinvbit

Memory: 4k page, physical 4004084k(346496k free), swap 16062708k(4k free)

vm_info: Java HotSpot(TM) 64-Bit Server VM (25.351-b10) for windows-amd64 JRE (1.8.0_351-b10), built on Sep 15 2022 02:58:06 by "java_re" with MS VC++ 15.9 (VS2017)

time: Wed Apr 19 21:43:16 2023
timezone: Central Daylight Time
elapsed time: 65.959815 seconds (0d 0h 1m 5s)

