#
# There is insufficient memory for the Java Runtime Environment to continue.
# Native memory allocation (malloc) failed to allocate 700176 bytes for Chunk::new
# Possible reasons:
#   The system is out of physical RAM or swap space
#   The process is running with CompressedOops enabled, and the Java Heap may be blocking the growth of the native heap
# Possible solutions:
#   Reduce memory load on the system
#   Increase physical memory or swap space
#   Check if swap backing store is full
#   Decrease Java heap size (-Xmx/-Xms)
#   Decrease number of Java threads
#   Decrease Java thread stack sizes (-Xss)
#   Set larger code cache with -XX:ReservedCodeCacheSize=
#   JVM is running with Unscaled Compressed Oops mode in which the Java heap is
#     placed in the first 4GB address space. The Java Heap base address is the
#     maximum limit for the native heap growth. Please use -XX:HeapBaseMinAddress
#     to set the Java Heap base and to place the Java Heap above 4GB virtual address.
# This output file may be truncated or incomplete.
#
#  Out of Memory Error (allocation.cpp:389), pid=27516, tid=0x0000000000001cf4
#
# JRE version: Java(TM) SE Runtime Environment (8.0_351-b10) (build 1.8.0_351-b10)
# Java VM: Java HotSpot(TM) 64-Bit Server VM (25.351-b10 mixed mode windows-amd64 compressed oops)
# Failed to write core dump. Minidumps are not enabled by default on client versions of Windows
#

---------------  T H R E A D  ---------------

Current thread (0x0000021258202800):  JavaThread "C2 CompilerThread1" daemon [_thread_in_native, id=7412, stack(0x0000002dda400000,0x0000002dda500000)]

Stack: [0x0000002dda400000,0x0000002dda500000]
Native frames: (J=compiled Java code, j=interpreted, Vv=VM code, C=native code)
V  [jvm.dll+0x3300b9]
V  [jvm.dll+0x276632]
V  [jvm.dll+0x2772dd]
V  [jvm.dll+0x26dc85]
V  [jvm.dll+0xd584c]
V  [jvm.dll+0xd604c]
V  [jvm.dll+0x454572]
V  [jvm.dll+0x48f62d]
V  [jvm.dll+0x444201]
V  [jvm.dll+0x4413ab]
V  [jvm.dll+0x42c27b]
V  [jvm.dll+0xac69b]
V  [jvm.dll+0xaacfb]
V  [jvm.dll+0x23ec62]
V  [jvm.dll+0x29330c]
C  [ucrtbase.dll+0x29363]
C  [KERNEL32.DLL+0x1269d]
C  [ntdll.dll+0x5a9f8]


Current CompileTask:
C2: 130582 3900       4       org.apache.xmlbeans.impl.store.Saver::processElement (397 bytes)


---------------  P R O C E S S  ---------------

Java Threads: ( => current thread )
  0x000002125c522800 JavaThread "AsyncHttpClient-1-4" daemon [_thread_in_native, id=11600, stack(0x0000002ddb600000,0x0000002ddb700000)]
  0x000002125c521000 JavaThread "AsyncHttpClient-1-3" daemon [_thread_in_native, id=30608, stack(0x0000002ddb500000,0x0000002ddb600000)]
  0x000002125c522000 JavaThread "AsyncHttpClient-1-2" daemon [_thread_in_native, id=30356, stack(0x0000002ddaa00000,0x0000002ddab00000)]
  0x000002125a25a800 JavaThread "Driver Service Executor" daemon [_thread_blocked, id=29432, stack(0x0000002ddb100000,0x0000002ddb200000)]
  0x000002125a259800 JavaThread "Driver Service Executor" daemon [_thread_blocked, id=27868, stack(0x0000002ddb000000,0x0000002ddb100000)]
  0x00000212595e5000 JavaThread "Exec Stream Pumper" daemon [_thread_in_native, id=10024, stack(0x0000002ddaf00000,0x0000002ddb000000)]
  0x000002125aa2a800 JavaThread "Exec Stream Pumper" daemon [_thread_in_native, id=16988, stack(0x0000002ddae00000,0x0000002ddaf00000)]
  0x0000021259488000 JavaThread "Exec Default Executor" daemon [_thread_in_native, id=24776, stack(0x0000002ddac00000,0x0000002ddad00000)]
  0x000002125976c800 JavaThread "AsyncHttpClient-1-1" daemon [_thread_blocked, id=28308, stack(0x0000002ddab00000,0x0000002ddac00000)]
  0x000002125a04e000 JavaThread "TestNG-tests-1" [_thread_in_vm, id=28612, stack(0x0000002ddad00000,0x0000002ddae00000)]
  0x0000021259fde800 JavaThread "ReaderThread" [_thread_in_native, id=27304, stack(0x0000002dda900000,0x0000002ddaa00000)]
  0x0000021258273800 JavaThread "Service Thread" daemon [_thread_blocked, id=30976, stack(0x0000002dda600000,0x0000002dda700000)]
  0x0000021258225000 JavaThread "C1 CompilerThread2" daemon [_thread_blocked, id=27604, stack(0x0000002dda500000,0x0000002dda600000)]
=>0x0000021258202800 JavaThread "C2 CompilerThread1" daemon [_thread_in_native, id=7412, stack(0x0000002dda400000,0x0000002dda500000)]
  0x0000021258200000 JavaThread "C2 CompilerThread0" daemon [_thread_in_native, id=31884, stack(0x0000002dda300000,0x0000002dda400000)]
  0x00000212581f8800 JavaThread "Attach Listener" daemon [_thread_blocked, id=32324, stack(0x0000002dda200000,0x0000002dda300000)]
  0x00000212581f8000 JavaThread "Signal Dispatcher" daemon [_thread_blocked, id=18752, stack(0x0000002dda100000,0x0000002dda200000)]
  0x00000212581d2800 JavaThread "Finalizer" daemon [_thread_blocked, id=30808, stack(0x0000002dda000000,0x0000002dda100000)]
  0x00000212581c8800 JavaThread "Reference Handler" daemon [_thread_blocked, id=11296, stack(0x0000002dd9f00000,0x0000002dda000000)]
  0x0000021244785000 JavaThread "main" [_thread_blocked, id=5056, stack(0x0000002dd9900000,0x0000002dd9a00000)]

Other Threads:
  0x00000212581a1000 VMThread [stack: 0x0000002dd9e00000,0x0000002dd9f00000] [id=25488]
  0x00000212582e6000 WatcherThread [stack: 0x0000002dda700000,0x0000002dda800000] [id=22828]

VM state:not at safepoint (normal execution)

VM Mutex/Monitor currently owned by a thread: None

heap address: 0x00000000c2e00000, size: 978 MB, Compressed Oops mode: 32-bit
Narrow klass base: 0x0000000000000000, Narrow klass shift: 3
Compressed class space size: 1073741824 Address: 0x0000000100000000

Heap:
 PSYoungGen      total 71168K, used 37776K [0x00000000eba00000, 0x00000000f1d80000, 0x0000000100000000)
  eden space 63488K, 51% used [0x00000000eba00000,0x00000000eda232a8,0x00000000ef800000)
  from space 7680K, 63% used [0x00000000ef800000,0x00000000efcc0ee8,0x00000000eff80000)
  to   space 7680K, 0% used [0x00000000f1600000,0x00000000f1600000,0x00000000f1d80000)
 ParOldGen       total 48640K, used 19303K [0x00000000c2e00000, 0x00000000c5d80000, 0x00000000eba00000)
  object space 48640K, 39% used [0x00000000c2e00000,0x00000000c40d9f48,0x00000000c5d80000)
 Metaspace       used 39468K, capacity 41056K, committed 41304K, reserved 1085440K
  class space    used 5049K, capacity 5440K, committed 5504K, reserved 1048576K

Card table byte_map: [0x0000021255430000,0x0000021255620000] byte_map_base: 0x0000021254e19000

Marking Bits: (ParMarkBitMap*) 0x00000000592a8fd0
 Begin Bits: [0x0000021255770000, 0x00000212566b8000)
 End Bits:   [0x00000212566b8000, 0x0000021257600000)

Polling page: 0x0000021244710000

CodeCache: size=245760Kb used=12249Kb max_used=12249Kb free=233510Kb
 bounds [0x0000021246070000, 0x0000021246c80000, 0x0000021255070000]
 total_blobs=4239 nmethods=3675 adapters=477
 compilation: enabled

Compilation events (10 events):
Event: 130.392 Thread 0x0000021258225000 3922       1       org.apache.poi.openxml4j.opc.PackagePart::isRelationshipPart (5 bytes)
Event: 130.392 Thread 0x0000021258225000 nmethod 3922 0x0000021246c5dc90 code [0x0000021246c5dde0, 0x0000021246c5def8]
Event: 130.451 Thread 0x0000021258225000 3923       1       org.apache.xmlbeans.impl.store.Saver$SynthNamespaceSaver::emitStartDoc (1 bytes)
Event: 130.451 Thread 0x0000021258225000 nmethod 3923 0x0000021246c5df50 code [0x0000021246c5e0a0, 0x0000021246c5e1b8]
Event: 130.474 Thread 0x0000021258225000 3925   !   3       com.sun.org.apache.xerces.internal.parsers.AbstractSAXParser::getEntityResolver (60 bytes)
Event: 130.474 Thread 0x0000021258225000 nmethod 3925 0x0000021246c5e210 code [0x0000021246c5e420, 0x0000021246c5f010]
Event: 130.479 Thread 0x0000021258225000 3926       3       java.util.LinkedHashMap::values (25 bytes)
Event: 130.480 Thread 0x0000021258225000 nmethod 3926 0x0000021246c5f4d0 code [0x0000021246c5f640, 0x0000021246c5f978]
Event: 130.507 Thread 0x0000021258225000 3927       3       sun.nio.cs.UTF_8::newDecoder (10 bytes)
Event: 130.508 Thread 0x0000021258225000 nmethod 3927 0x0000021246c5fad0 code [0x0000021246c5fc80, 0x0000021246c5ffd0]

GC Heap History (10 events):
Event: 35.194 GC heap before
{Heap before GC invocations=11 (full 1):
 PSYoungGen      total 37888K, used 35675K [0x00000000eba00000, 0x00000000ef380000, 0x0000000100000000)
  eden space 31232K, 100% used [0x00000000eba00000,0x00000000ed880000,0x00000000ed880000)
  from space 6656K, 66% used [0x00000000ed880000,0x00000000edcd6df0,0x00000000edf00000)
  to   space 6144K, 0% used [0x00000000eed80000,0x00000000eed80000,0x00000000ef380000)
 ParOldGen       total 30208K, used 7135K [0x00000000c2e00000, 0x00000000c4b80000, 0x00000000eba00000)
  object space 30208K, 23% used [0x00000000c2e00000,0x00000000c34f7d28,0x00000000c4b80000)
 Metaspace       used 29784K, capacity 30902K, committed 31104K, reserved 1077248K
  class space    used 3866K, capacity 4155K, committed 4224K, reserved 1048576K
Event: 37.750 GC heap after
Heap after GC invocations=11 (full 1):
 PSYoungGen      total 50688K, used 6132K [0x00000000eba00000, 0x00000000ef900000, 0x0000000100000000)
  eden space 44544K, 0% used [0x00000000eba00000,0x00000000eba00000,0x00000000ee580000)
  from space 6144K, 99% used [0x00000000eed80000,0x00000000ef37d060,0x00000000ef380000)
  to   space 8192K, 0% used [0x00000000ee580000,0x00000000ee580000,0x00000000eed80000)
 ParOldGen       total 30208K, used 10072K [0x00000000c2e00000, 0x00000000c4b80000, 0x00000000eba00000)
  object space 30208K, 33% used [0x00000000c2e00000,0x00000000c37d6318,0x00000000c4b80000)
 Metaspace       used 29784K, capacity 30902K, committed 31104K, reserved 1077248K
  class space    used 3866K, capacity 4155K, committed 4224K, reserved 1048576K
}
Event: 113.710 GC heap before
{Heap before GC invocations=12 (full 1):
 PSYoungGen      total 50688K, used 40595K [0x00000000eba00000, 0x00000000ef900000, 0x0000000100000000)
  eden space 44544K, 77% used [0x00000000eba00000,0x00000000edba7cc8,0x00000000ee580000)
  from space 6144K, 99% used [0x00000000eed80000,0x00000000ef37d060,0x00000000ef380000)
  to   space 8192K, 0% used [0x00000000ee580000,0x00000000ee580000,0x00000000eed80000)
 ParOldGen       total 30208K, used 10072K [0x00000000c2e00000, 0x00000000c4b80000, 0x00000000eba00000)
  object space 30208K, 33% used [0x00000000c2e00000,0x00000000c37d6318,0x00000000c4b80000)
 Metaspace       used 34057K, capacity 35366K, committed 35416K, reserved 1079296K
  class space    used 4401K, capacity 4711K, committed 4736K, reserved 1048576K
Event: 115.857 GC heap after
Heap after GC invocations=12 (full 1):
 PSYoungGen      total 52736K, used 4081K [0x00000000eba00000, 0x00000000f0c00000, 0x0000000100000000)
  eden space 44544K, 0% used [0x00000000eba00000,0x00000000eba00000,0x00000000ee580000)
  from space 8192K, 49% used [0x00000000ee580000,0x00000000ee97c700,0x00000000eed80000)
  to   space 7680K, 0% used [0x00000000f0480000,0x00000000f0480000,0x00000000f0c00000)
 ParOldGen       total 30208K, used 16160K [0x00000000c2e00000, 0x00000000c4b80000, 0x00000000eba00000)
  object space 30208K, 53% used [0x00000000c2e00000,0x00000000c3dc81f8,0x00000000c4b80000)
 Metaspace       used 34057K, capacity 35366K, committed 35416K, reserved 1079296K
  class space    used 4401K, capacity 4711K, committed 4736K, reserved 1048576K
}
Event: 115.859 GC heap before
{Heap before GC invocations=13 (full 2):
 PSYoungGen      total 52736K, used 4081K [0x00000000eba00000, 0x00000000f0c00000, 0x0000000100000000)
  eden space 44544K, 0% used [0x00000000eba00000,0x00000000eba00000,0x00000000ee580000)
  from space 8192K, 49% used [0x00000000ee580000,0x00000000ee97c700,0x00000000eed80000)
  to   space 7680K, 0% used [0x00000000f0480000,0x00000000f0480000,0x00000000f0c00000)
 ParOldGen       total 30208K, used 16160K [0x00000000c2e00000, 0x00000000c4b80000, 0x00000000eba00000)
  object space 30208K, 53% used [0x00000000c2e00000,0x00000000c3dc81f8,0x00000000c4b80000)
 Metaspace       used 34057K, capacity 35366K, committed 35416K, reserved 1079296K
  class space    used 4401K, capacity 4711K, committed 4736K, reserved 1048576K
Event: 118.608 GC heap after
Heap after GC invocations=13 (full 2):
 PSYoungGen      total 52736K, used 0K [0x00000000eba00000, 0x00000000f0c00000, 0x0000000100000000)
  eden space 44544K, 0% used [0x00000000eba00000,0x00000000eba00000,0x00000000ee580000)
  from space 8192K, 0% used [0x00000000ee580000,0x00000000ee580000,0x00000000eed80000)
  to   space 7680K, 0% used [0x00000000f0480000,0x00000000f0480000,0x00000000f0c00000)
 ParOldGen       total 48640K, used 18351K [0x00000000c2e00000, 0x00000000c5d80000, 0x00000000eba00000)
  object space 48640K, 37% used [0x00000000c2e00000,0x00000000c3febf38,0x00000000c5d80000)
 Metaspace       used 34054K, capacity 35354K, committed 35416K, reserved 1079296K
  class space    used 4400K, capacity 4709K, committed 4736K, reserved 1048576K
}
Event: 122.330 GC heap before
{Heap before GC invocations=14 (full 2):
 PSYoungGen      total 52736K, used 44544K [0x00000000eba00000, 0x00000000f0c00000, 0x0000000100000000)
  eden space 44544K, 100% used [0x00000000eba00000,0x00000000ee580000,0x00000000ee580000)
  from space 8192K, 0% used [0x00000000ee580000,0x00000000ee580000,0x00000000eed80000)
  to   space 7680K, 0% used [0x00000000f0480000,0x00000000f0480000,0x00000000f0c00000)
 ParOldGen       total 48640K, used 18351K [0x00000000c2e00000, 0x00000000c5d80000, 0x00000000eba00000)
  object space 48640K, 37% used [0x00000000c2e00000,0x00000000c3febf38,0x00000000c5d80000)
 Metaspace       used 35584K, capacity 37036K, committed 37208K, reserved 1081344K
  class space    used 4606K, capacity 4982K, committed 4992K, reserved 1048576K
Event: 122.386 GC heap after
Heap after GC invocations=14 (full 2):
 PSYoungGen      total 65536K, used 2499K [0x00000000eba00000, 0x00000000f0700000, 0x0000000100000000)
  eden space 62976K, 0% used [0x00000000eba00000,0x00000000eba00000,0x00000000ef780000)
  from space 2560K, 97% used [0x00000000f0480000,0x00000000f06f0d68,0x00000000f0700000)
  to   space 7680K, 0% used [0x00000000ef800000,0x00000000ef800000,0x00000000eff80000)
 ParOldGen       total 48640K, used 18359K [0x00000000c2e00000, 0x00000000c5d80000, 0x00000000eba00000)
  object space 48640K, 37% used [0x00000000c2e00000,0x00000000c3fedf38,0x00000000c5d80000)
 Metaspace       used 35584K, capacity 37036K, committed 37208K, reserved 1081344K
  class space    used 4606K, capacity 4982K, committed 4992K, reserved 1048576K
}
Event: 129.152 GC heap before
{Heap before GC invocations=15 (full 2):
 PSYoungGen      total 65536K, used 65475K [0x00000000eba00000, 0x00000000f0700000, 0x0000000100000000)
  eden space 62976K, 100% used [0x00000000eba00000,0x00000000ef780000,0x00000000ef780000)
  from space 2560K, 97% used [0x00000000f0480000,0x00000000f06f0d68,0x00000000f0700000)
  to   space 7680K, 0% used [0x00000000ef800000,0x00000000ef800000,0x00000000eff80000)
 ParOldGen       total 48640K, used 18359K [0x00000000c2e00000, 0x00000000c5d80000, 0x00000000eba00000)
  object space 48640K, 37% used [0x00000000c2e00000,0x00000000c3fedf38,0x00000000c5d80000)
 Metaspace       used 39286K, capacity 40822K, committed 41048K, reserved 1085440K
  class space    used 5045K, capacity 5433K, committed 5504K, reserved 1048576K
Event: 129.203 GC heap after
Heap after GC invocations=15 (full 2):
 PSYoungGen      total 71168K, used 4867K [0x00000000eba00000, 0x00000000f1d80000, 0x0000000100000000)
  eden space 63488K, 0% used [0x00000000eba00000,0x00000000eba00000,0x00000000ef800000)
  from space 7680K, 63% used [0x00000000ef800000,0x00000000efcc0ee8,0x00000000eff80000)
  to   space 7680K, 0% used [0x00000000f1600000,0x00000000f1600000,0x00000000f1d80000)
 ParOldGen       total 48640K, used 19303K [0x00000000c2e00000, 0x00000000c5d80000, 0x00000000eba00000)
  object space 48640K, 39% used [0x00000000c2e00000,0x00000000c40d9f48,0x00000000c5d80000)
 Metaspace       used 39286K, capacity 40822K, committed 41048K, reserved 1085440K
  class space    used 5045K, capacity 5433K, committed 5504K, reserved 1048576K
}

Deoptimization events (10 events):
Event: 127.028 Thread 0x000002125a04e000 Uncommon trap: reason=unstable_if action=reinterpret pc=0x0000021246a42e10 method=org.apache.xmlbeans.impl.store.Saver$TextSaver.preEmit(I)Z @ 205
Event: 127.235 Thread 0x000002125a04e000 Uncommon trap: reason=unstable_if action=reinterpret pc=0x00000212465c3db4 method=java.util.Properties.loadConvert([CII[C)Ljava/lang/String; @ 72
Event: 127.281 Thread 0x000002125a04e000 Uncommon trap: reason=unstable_if action=reinterpret pc=0x00000212461c34f8 method=sun.misc.ASCIICaseInsensitiveComparator.compare(Ljava/lang/String;Ljava/lang/String;)I @ 83
Event: 127.367 Thread 0x000002125a04e000 Uncommon trap: reason=bimorphic action=maybe_recompile pc=0x000002124691c56c method=java.util.regex.Pattern$CharProperty.match(Ljava/util/regex/Matcher;ILjava/lang/CharSequence;)Z @ 37
Event: 127.367 Thread 0x000002125a04e000 Uncommon trap: reason=bimorphic action=maybe_recompile pc=0x000002124691c56c method=java.util.regex.Pattern$CharProperty.match(Ljava/util/regex/Matcher;ILjava/lang/CharSequence;)Z @ 37
Event: 127.367 Thread 0x000002125a04e000 Uncommon trap: reason=bimorphic action=maybe_recompile pc=0x000002124691c56c method=java.util.regex.Pattern$CharProperty.match(Ljava/util/regex/Matcher;ILjava/lang/CharSequence;)Z @ 37
Event: 127.367 Thread 0x000002125a04e000 Uncommon trap: reason=bimorphic action=maybe_recompile pc=0x000002124691c56c method=java.util.regex.Pattern$CharProperty.match(Ljava/util/regex/Matcher;ILjava/lang/CharSequence;)Z @ 37
Event: 127.579 Thread 0x000002125a04e000 Uncommon trap: reason=unstable_if action=reinterpret pc=0x0000021246a01a74 method=org.apache.xmlbeans.impl.store.CharUtil.allocate(I)[C @ 141
Event: 127.580 Thread 0x000002125a04e000 Uncommon trap: reason=class_check action=maybe_recompile pc=0x00000212468f60f0 method=org.apache.xmlbeans.impl.store.CharUtil.isValid(Ljava/lang/Object;II)Z @ 64
Event: 127.703 Thread 0x000002125a04e000 Uncommon trap: reason=class_check action=maybe_recompile pc=0x0000021246ad9120 method=org.apache.xmlbeans.impl.store.CharUtil.getString(Ljava/lang/Object;II)Ljava/lang/String; @ 55

Classes redefined (0 events):
No events

Internal exceptions (10 events):
Event: 15.730 Thread 0x000002125a04e000 Exception <a 'java/lang/IncompatibleClassChangeError': Found class java.lang.Object, but interface was expected> (0x00000000ed8261d8) thrown at [C:\jenkins\workspace\8-2-build-windows-x64-cygwin\jdk8u351\2908\hotspot\src\share\vm\interpreter\linkResolver.
Event: 15.735 Thread 0x000002125a04e000 Exception <a 'java/lang/NoSuchMethodError': java.lang.Object.lambda$or$2(Ljava/util/function/Predicate;Ljava/lang/Object;)Z> (0x00000000ed830088) thrown at [C:\jenkins\workspace\8-2-build-windows-x64-cygwin\jdk8u351\2908\hotspot\src\share\vm\interpreter\l
Event: 16.670 Thread 0x000002125a24b800 Exception <a 'java/net/SocketTimeoutException': connect timed out> (0x00000000ebc9bd58) thrown at [C:\jenkins\workspace\8-2-build-windows-x64-cygwin\jdk8u351\2908\hotspot\src\share\vm\prims\jni.cpp, line 737]
Event: 16.723 Thread 0x000002125a04e000 Exception <a 'java/lang/NoSuchMethodError': java.lang.Object.lambda$andThen$1(Ljava/util/function/Function;Ljava/lang/Object;)Ljava/lang/Object;> (0x00000000ebd59f40) thrown at [C:\jenkins\workspace\8-2-build-windows-x64-cygwin\jdk8u351\2908\hotspot\src\s
Event: 16.877 Thread 0x000002125a04e000 Exception <a 'java/lang/NoSuchMethodError': java.lang.Object.lambda$chars$0()Ljava/util/Spliterator$OfInt;> (0x00000000ebf31d78) thrown at [C:\jenkins\workspace\8-2-build-windows-x64-cygwin\jdk8u351\2908\hotspot\src\share\vm\interpreter\linkResolver.cpp, 
Event: 17.349 Thread 0x000002125a04e000 Exception <a 'java/lang/NoSuchMethodError': java.lang.Object.lambda$negate$1(Ljava/lang/Object;)Z> (0x00000000ec2574a8) thrown at [C:\jenkins\workspace\8-2-build-windows-x64-cygwin\jdk8u351\2908\hotspot\src\share\vm\interpreter\linkResolver.cpp, line 620]
Event: 38.944 Thread 0x000002125a04e000 Exception <a 'java/lang/NoSuchMethodError': java.lang.Object.lambda$getResponseFunction$0(Lorg/openqa/selenium/remote/InitialHandshakeResponse;)Lorg/openqa/selenium/remote/ProtocolHandshake$Result;> (0x00000000ebdb2d08) thrown at [C:\jenkins\workspace\8-2
Event: 53.851 Thread 0x000002125a04e000 Exception <a 'java/lang/NoSuchMethodError': java.lang.Object.FIND_ELEMENT(Ljava/lang/String;Ljava/lang/Object;)Lorg/openqa/selenium/remote/CommandPayload;> (0x00000000ec5f50f8) thrown at [C:\jenkins\workspace\8-2-build-windows-x64-cygwin\jdk8u351\2908\hot
Event: 54.329 Thread 0x000002125a04e000 Exception <a 'java/lang/NoSuchMethodError': java.lang.Object.lambda$codePoints$1()Ljava/util/Spliterator$OfInt;> (0x00000000ec61d098) thrown at [C:\jenkins\workspace\8-2-build-windows-x64-cygwin\jdk8u351\2908\hotspot\src\share\vm\interpreter\linkResolver.
Event: 120.859 Thread 0x000002125a04e000 Implicit null exception at 0x000002124650365b to 0x0000021246503b09

Events (10 events):
Event: 130.441 loading class org/apache/xerces/util/SecurityManager
Event: 130.441 loading class org/apache/xerces/util/SecurityManager done
Event: 130.446 loading class org/apache/xerces/util/SecurityManager
Event: 130.446 loading class org/apache/xerces/util/SecurityManager done
Event: 130.457 loading class org/apache/xerces/util/SecurityManager
Event: 130.457 loading class org/apache/xerces/util/SecurityManager done
Event: 130.460 loading class org/apache/xerces/util/SecurityManager
Event: 130.460 loading class org/apache/xerces/util/SecurityManager done
Event: 130.475 loading class org/apache/xerces/util/SecurityManager
Event: 130.475 loading class org/apache/xerces/util/SecurityManager done


Dynamic libraries:
0x00007ff7c8bf0000 - 0x00007ff7c8c37000 	C:\Program Files\Java\jdk1.8.0_351\bin\javaw.exe
0x00007ff99aa70000 - 0x00007ff99ac84000 	C:\WINDOWS\SYSTEM32\ntdll.dll
0x00007ff999840000 - 0x00007ff999902000 	C:\WINDOWS\System32\KERNEL32.DLL
0x00007ff998090000 - 0x00007ff99842c000 	C:\WINDOWS\System32\KERNELBASE.dll
0x00007ff99a750000 - 0x00007ff99a7fe000 	C:\WINDOWS\System32\ADVAPI32.dll
0x00007ff99a880000 - 0x00007ff99a927000 	C:\WINDOWS\System32\msvcrt.dll
0x00007ff99a690000 - 0x00007ff99a734000 	C:\WINDOWS\System32\sechost.dll
0x00007ff999720000 - 0x00007ff999837000 	C:\WINDOWS\System32\RPCRT4.dll
0x00007ff999060000 - 0x00007ff99920b000 	C:\WINDOWS\System32\USER32.dll
0x00007ff998550000 - 0x00007ff998576000 	C:\WINDOWS\System32\win32u.dll
0x00007ff9996f0000 - 0x00007ff999719000 	C:\WINDOWS\System32\GDI32.dll
0x00007ff997eb0000 - 0x00007ff997fc3000 	C:\WINDOWS\System32\gdi32full.dll
0x00007ff998600000 - 0x00007ff99869a000 	C:\WINDOWS\System32\msvcp_win.dll
0x00007ff998430000 - 0x00007ff998541000 	C:\WINDOWS\System32\ucrtbase.dll
0x00007ff980730000 - 0x00007ff9809be000 	C:\WINDOWS\WinSxS\amd64_microsoft.windows.common-controls_6595b64144ccf1df_6.0.22621.608_none_a9444ca7c10bb01d\COMCTL32.dll
0x00007ff998a40000 - 0x00007ff998a71000 	C:\WINDOWS\System32\IMM32.DLL
0x00007ff98dc60000 - 0x00007ff98dc75000 	C:\Program Files\Java\jdk1.8.0_351\jre\bin\vcruntime140.dll
0x00007ff954aa0000 - 0x00007ff954b3b000 	C:\Program Files\Java\jdk1.8.0_351\jre\bin\msvcp140.dll
0x0000000058ac0000 - 0x0000000059321000 	C:\Program Files\Java\jdk1.8.0_351\jre\bin\server\jvm.dll
0x00007ff999460000 - 0x00007ff999468000 	C:\WINDOWS\System32\PSAPI.DLL
0x00007ff975790000 - 0x00007ff975799000 	C:\WINDOWS\SYSTEM32\WSOCK32.dll
0x00007ff99a800000 - 0x00007ff99a871000 	C:\WINDOWS\System32\WS2_32.dll
0x00007ff98c190000 - 0x00007ff98c1c4000 	C:\WINDOWS\SYSTEM32\WINMM.dll
0x00007ff996bb0000 - 0x00007ff996bba000 	C:\WINDOWS\SYSTEM32\VERSION.dll
0x00007ff996fb0000 - 0x00007ff996fc8000 	C:\WINDOWS\SYSTEM32\kernel.appcore.dll
0x00007ff988df0000 - 0x00007ff988e00000 	C:\Program Files\Java\jdk1.8.0_351\jre\bin\verify.dll
0x00007ff9818e0000 - 0x00007ff98190b000 	C:\Program Files\Java\jdk1.8.0_351\jre\bin\java.dll
0x00007ff978640000 - 0x00007ff978658000 	C:\Program Files\Java\jdk1.8.0_351\jre\bin\zip.dll
0x00007ff999910000 - 0x00007ff99a100000 	C:\WINDOWS\System32\SHELL32.dll
0x00007ff996260000 - 0x00007ff996b2d000 	C:\WINDOWS\SYSTEM32\windows.storage.dll
0x00007ff998a80000 - 0x00007ff998e09000 	C:\WINDOWS\System32\combase.dll
0x00007ff996120000 - 0x00007ff99625e000 	C:\WINDOWS\SYSTEM32\wintypes.dll
0x00007ff9994d0000 - 0x00007ff9995c1000 	C:\WINDOWS\System32\SHCORE.dll
0x00007ff999470000 - 0x00007ff9994ce000 	C:\WINDOWS\System32\shlwapi.dll
0x00007ff997de0000 - 0x00007ff997e01000 	C:\WINDOWS\SYSTEM32\profapi.dll
0x00007ff975060000 - 0x00007ff97507c000 	C:\Program Files\Java\jdk1.8.0_351\jre\bin\net.dll
0x00007ff997410000 - 0x00007ff997479000 	C:\WINDOWS\system32\mswsock.dll
0x00007ff995e50000 - 0x00007ff995f43000 	C:\WINDOWS\SYSTEM32\DNSAPI.dll
0x00007ff995de0000 - 0x00007ff995e0d000 	C:\WINDOWS\SYSTEM32\IPHLPAPI.DLL
0x00007ff998e30000 - 0x00007ff998e39000 	C:\WINDOWS\System32\NSI.dll
0x00007ff981c00000 - 0x00007ff981c0a000 	C:\Windows\System32\rasadhlp.dll
0x00007ff9861a0000 - 0x00007ff986223000 	C:\WINDOWS\System32\fwpuclnt.dll
0x00007ff997640000 - 0x00007ff99765b000 	C:\WINDOWS\SYSTEM32\CRYPTSP.dll
0x00007ff996f20000 - 0x00007ff996f55000 	C:\WINDOWS\system32\rsaenh.dll
0x00007ff9974c0000 - 0x00007ff9974e8000 	C:\WINDOWS\SYSTEM32\USERENV.dll
0x00007ff997880000 - 0x00007ff9978a8000 	C:\WINDOWS\SYSTEM32\bcrypt.dll
0x00007ff998580000 - 0x00007ff9985fb000 	C:\WINDOWS\System32\bcryptprimitives.dll
0x00007ff997660000 - 0x00007ff99766c000 	C:\WINDOWS\SYSTEM32\CRYPTBASE.dll
0x00007ff98b1f0000 - 0x00007ff98b209000 	C:\WINDOWS\SYSTEM32\dhcpcsvc6.DLL
0x00007ff98b030000 - 0x00007ff98b04f000 	C:\WINDOWS\SYSTEM32\dhcpcsvc.DLL
0x00007ff9758e0000 - 0x00007ff9758f3000 	C:\Program Files\Java\jdk1.8.0_351\jre\bin\nio.dll
0x00007ff972c10000 - 0x00007ff972c34000 	C:\Program Files\Java\jdk1.8.0_351\jre\bin\sunec.dll
0x00007ff988e60000 - 0x00007ff988e6d000 	C:\Program Files\Java\jdk1.8.0_351\jre\bin\management.dll
0x00007ff96f410000 - 0x00007ff96f427000 	C:\WINDOWS\system32\napinsp.dll
0x00007ff96f3f0000 - 0x00007ff96f40b000 	C:\WINDOWS\system32\pnrpnsp.dll
0x00007ff96e7a0000 - 0x00007ff96e7b1000 	C:\WINDOWS\System32\winrnr.dll
0x00007ff98ab90000 - 0x00007ff98aba5000 	C:\WINDOWS\system32\wshbth.dll
0x00007ff96e770000 - 0x00007ff96e791000 	C:\WINDOWS\system32\nlansp_c.dll
0x00007ff995650000 - 0x00007ff99587e000 	C:\WINDOWS\SYSTEM32\dbghelp.dll
0x00007ff9992c0000 - 0x00007ff999397000 	C:\WINDOWS\System32\OLEAUT32.dll

VM Arguments:
jvm_args: -ea -Dfile.encoding=UTF-8 
java_command: org.testng.remote.RemoteTestNG -serport 49915 -protocol json -d C:\Users\Reka\eclipse-workspace\webscrapping\test-output C:\Users\Reka\eclipse-workspace\webscrapping\testng.xml
java_class_path (initial): C:\Users\Reka\eclipse\java-2022-06\eclipse\configuration\org.eclipse.osgi\442\0\.cp\lib\testng-remote.jar;C:\Users\Reka\eclipse-workspace\webscrapping\target\test-classes;C:\Users\Reka\eclipse-workspace\webscrapping\target\classes;C:\Users\Reka\.p2\pool\plugins\org.testng_7.4.0.r202105021533.jar;C:\Users\Reka\.p2\pool\plugins\com.beust.jcommander_1.78.0.jar;C:\Users\Reka\.p2\pool\plugins\org.apache-extras.beanshell.bsh_2.0.0.b6.jar;C:\Users\Reka\.p2\pool\plugins\org.yaml.snakeyaml_1.27.0.v20221112-0806.jar;C:\Users\Reka\.p2\pool\plugins\org.webjars.jquery_3.5.1.jar;C:\Users\Reka\.m2\repository\org\seleniumhq\selenium\selenium-java\4.8.1\selenium-java-4.8.1.jar;C:\Users\Reka\.m2\repository\org\seleniumhq\selenium\selenium-api\4.8.1\selenium-api-4.8.1.jar;C:\Users\Reka\.m2\repository\org\seleniumhq\selenium\selenium-chrome-driver\4.8.1\selenium-chrome-driver-4.8.1.jar;C:\Users\Reka\.m2\repository\com\google\auto\service\auto-service-annotations\1.0.1\auto-service-annotations-1.0.1.jar;C:\Users\Reka\.m2\repository\com\google\auto\service\auto-service\1.0.1\auto-service-1.0.1.jar;C:\Users\Reka\.m2\repository\com\google\auto\auto-common\1.2\auto-common-1.2.jar;C:\Users\Reka\.m2\repository\com\google\guava\guava\31.1-jre\guava-31.1-jre.jar;C:\Users\Reka\.m2\repository\com\google\guava\failureaccess\1.0.1\failureaccess-1.0.1.jar;C:\Users\Reka\.m2\repository\com\google\guava\listenablefuture\9999.0-empty-to-avoid-conflict-with-guava\listenablefuture-9999.0-empty-to-avoid-conflict-with-guava.jar;C:\Users\Reka\.m2\repository\com\google\code\findbugs\jsr305\3.0.2\jsr305-3.0.2.jar;C:\Users\Reka\.m2\repository\org\checkerframework\checker-qual\3.12.0\checker-qual-3.12.0.jar;C:\Users\Reka\.m2\repository\com\google\errorprone\error_prone_annotations\2.11.0\error_prone_annotations-2.11.0.jar;C:\Users\Reka\.m2\repository\com\google\j2objc\j2objc-annotations\1.3\j2objc-annotations-1.3.jar;C:\Users\Reka\.m2\repository\org\seleniumhq\selenium\selenium-chrom
Launcher Type: SUN_STANDARD

Environment Variables:
JAVA_HOME=C:\Program Files\Java\jdk1.8.0_351
PATH=C:/Users/Reka/.p2/pool/plugins/org.eclipse.justj.openjdk.hotspot.jre.full.win32.x86_64_19.0.1.v20221102-1007/jre/bin/server;C:/Users/Reka/.p2/pool/plugins/org.eclipse.justj.openjdk.hotspot.jre.full.win32.x86_64_19.0.1.v20221102-1007/jre/bin;C:\Program Files (x86)\Common Files\Oracle\Java\javapath;C:\WINDOWS\system32;C:\WINDOWS;C:\WINDOWS\System32\Wbem;C:\WINDOWS\System32\WindowsPowerShell\v1.0\;C:\WINDOWS\System32\OpenSSH\;C:\Users\Reka\PycharmProjects;C:\Users\Reka\Desktop\New;C:\Users\Reka\Postman\;C:\Program Files\Java\jdk1.8.0_351\bin;C:\Program Files\apache-maven-3.8.6\\bin;C:\Program Files\Java\jdk1.8.0_351\bin;C:\Program Files\Java\jdk1.8.0_351\lib;C:\Program Files\apache-maven-3.8.6\bin;C:\Program Files (x86)\Jenkins\;C:\Program Files\Git\bin\;C:\Users\Reka\allure-2.19.0\bin;C:\Users\Reka\AppData\Local\Programs\Python\Python310\Scripts\;C:\Users\Reka\gradle-6.9.3;C:\Users\Reka\Drivers\chromedriver.exe;C:\Users\Reka\Drivers\;C:\Users\Reka\Drivers\allure-2.20.1\bin;C:\Users\Reka\AppData\Local\Programs\Python\Python310;C:\Program Files\MySQL\MySQL Shell 8.0\bin\;C:\Users\Reka\AppData\Local\Programs\Python\Python310\Scripts\;C:\Users\Reka\AppData\Local\Programs\Python\Python310\;C:\Users\Reka\AppData\Local\Microsoft\WindowsApps;C:\Users\Reka\PyCharm Community Edition 2021.3.3\bin;;C:\Users\Reka\PycharmProjects\PyCharm 2021.3.3\bin;;C:\Users\Reka\AppData\Roaming\npm;;C:\Program Files\JetBrains\IntelliJ IDEA 2022.3.1\bin;;C:\Program Files\JetBrains\IntelliJ IDEA Community Edition 2022.3.3\bin;;C:\Users\Reka\Desktop\New;
USERNAME=Reka
OS=Windows_NT
PROCESSOR_IDENTIFIER=Intel64 Family 6 Model 142 Stepping 12, GenuineIntel



---------------  S Y S T E M  ---------------

OS: Windows 11 , 64 bit Build 22621 (10.0.22621.1485)

CPU:total 4 (initial active 4) (2 cores per cpu, 2 threads per core) family 6 model 142 stepping 12, cmov, cx8, fxsr, mmx, sse, sse2, sse3, ssse3, sse4.1, sse4.2, popcnt, aes, clmul, erms, 3dnowpref, lzcnt, ht, tsc, tscinvbit

Memory: 4k page, physical 4004084k(273108k free), swap 16062708k(3756k free)

vm_info: Java HotSpot(TM) 64-Bit Server VM (25.351-b10) for windows-amd64 JRE (1.8.0_351-b10), built on Sep 15 2022 02:58:06 by "java_re" with MS VC++ 15.9 (VS2017)

time: Wed Apr 19 16:18:22 2023
timezone: Central Daylight Time
elapsed time: 130.592259 seconds (0d 0h 2m 10s)

